# JRE version: OpenJDK Runtime Environment (11.0.11+9) (build 11.0.11+9-b60-7590822)
# Java VM: OpenJDK 64-Bit Server VM (11.0.11+9-b60-7590822, mixed mode, tiered, compressed oops, g1 gc, windows-amd64)
Heap:
 garbage-first heap   total 155648K, used 94827K [0x0000000080000000, 0x0000000100000000)
  region size 1024K, 3 young (3072K), 3 survivors (3072K)
 Metaspace       used 79332K, capacity 81465K, committed 81480K, reserved 1120256K
  class space    used 10283K, capacity 11000K, committed 11008K, reserved 1048576K
GC Heap History (20 events):
Event: 6.413 GC heap before
{Heap before GC invocations=13 (full 0):
 garbage-first heap   total 155648K, used 108815K [0x0000000080000000, 0x0000000100000000)
  region size 1024K, 60 young (61440K), 8 survivors (8192K)
 Metaspace       used 51029K, capacity 52460K, committed 52552K, reserved 1095680K
  class space    used 6654K, capacity 7126K, committed 7168K, reserved 1048576K
}
Event: 6.420 GC heap after
{Heap after GC invocations=14 (full 0):
 garbage-first heap   total 155648K, used 58678K [0x0000000080000000, 0x0000000100000000)
  region size 1024K, 3 young (3072K), 3 survivors (3072K)
 Metaspace       used 51029K, capacity 52460K, committed 52552K, reserved 1095680K
  class space    used 6654K, capacity 7126K, committed 7168K, reserved 1048576K
}
Event: 7.357 GC heap before
{Heap before GC invocations=14 (full 0):
 garbage-first heap   total 155648K, used 111926K [0x0000000080000000, 0x0000000100000000)
  region size 1024K, 56 young (57344K), 3 survivors (3072K)
 Metaspace       used 55305K, capacity 56923K, committed 57288K, reserved 1099776K
  class space    used 7147K, capacity 7690K, committed 7808K, reserved 1048576K
}
Event: 7.361 GC heap after
{Heap after GC invocations=15 (full 0):
 garbage-first heap   total 155648K, used 61351K [0x0000000080000000, 0x0000000100000000)
  region size 1024K, 5 young (5120K), 5 survivors (5120K)
 Metaspace       used 55305K, capacity 56923K, committed 57288K, reserved 1099776K
  class space    used 7147K, capacity 7690K, committed 7808K, reserved 1048576K
}
Event: 8.060 GC heap before
{Heap before GC invocations=15 (full 0):
 garbage-first heap   total 155648K, used 123815K [0x0000000080000000, 0x0000000100000000)
  region size 1024K, 58 young (59392K), 5 survivors (5120K)
 Metaspace       used 56494K, capacity 58255K, committed 58440K, reserved 1099776K
  class space    used 7285K, capacity 7868K, committed 7936K, reserved 1048576K
}
Event: 8.066 GC heap after
{Heap after GC invocations=16 (full 0):
 garbage-first heap   total 155648K, used 80041K [0x0000000080000000, 0x0000000100000000)
  region size 1024K, 8 young (8192K), 8 survivors (8192K)
 Metaspace       used 56494K, capacity 58255K, committed 58440K, reserved 1099776K
  class space    used 7285K, capacity 7868K, committed 7936K, reserved 1048576K
}
Event: 8.573 GC heap before
{Heap before GC invocations=16 (full 0):
 garbage-first heap   total 155648K, used 121001K [0x0000000080000000, 0x0000000100000000)
  region size 1024K, 48 young (49152K), 8 survivors (8192K)
 Metaspace       used 61797K, capacity 63654K, committed 63816K, reserved 1103872K
  class space    used 7960K, capacity 8580K, committed 8704K, reserved 1048576K
}
Event: 8.579 GC heap after
{Heap after GC invocations=17 (full 0):
 garbage-first heap   total 155648K, used 82089K [0x0000000080000000, 0x0000000100000000)
  region size 1024K, 2 young (2048K), 2 survivors (2048K)
 Metaspace       used 61797K, capacity 63654K, committed 63816K, reserved 1103872K
  class space    used 7960K, capacity 8580K, committed 8704K, reserved 1048576K
}
Event: 9.064 GC heap before
{Heap before GC invocations=18 (full 0):
 garbage-first heap   total 155648K, used 122025K [0x0000000080000000, 0x0000000100000000)
  region size 1024K, 42 young (43008K), 2 survivors (2048K)
 Metaspace       used 67320K, capacity 69155K, committed 69320K, reserved 1110016K
  class space    used 8612K, capacity 9238K, committed 9344K, reserved 1048576K
}
Event: 9.068 GC heap after
{Heap after GC invocations=19 (full 0):
 garbage-first heap   total 155648K, used 86664K [0x0000000080000000, 0x0000000100000000)
  region size 1024K, 6 young (6144K), 6 survivors (6144K)
 Metaspace       used 67320K, capacity 69155K, committed 69320K, reserved 1110016K
  class space    used 8612K, capacity 9238K, committed 9344K, reserved 1048576K
}
Event: 9.449 GC heap before
{Heap before GC invocations=19 (full 0):
 garbage-first heap   total 155648K, used 124552K [0x0000000080000000, 0x0000000100000000)
  region size 1024K, 43 young (44032K), 6 survivors (6144K)
 Metaspace       used 70781K, capacity 72681K, committed 72776K, reserved 1112064K
  class space    used 9052K, capacity 9704K, committed 9728K, reserved 1048576K
}
Event: 9.456 GC heap after
{Heap after GC invocations=20 (full 0):
 garbage-first heap   total 155648K, used 87562K [0x0000000080000000, 0x0000000100000000)
  region size 1024K, 3 young (3072K), 3 survivors (3072K)
 Metaspace       used 70781K, capacity 72681K, committed 72776K, reserved 1112064K
  class space    used 9052K, capacity 9704K, committed 9728K, reserved 1048576K
}
Event: 9.992 GC heap before
{Heap before GC invocations=21 (full 0):
 garbage-first heap   total 155648K, used 126474K [0x0000000080000000, 0x0000000100000000)
  region size 1024K, 40 young (40960K), 3 survivors (3072K)
 Metaspace       used 73917K, capacity 75826K, committed 75976K, reserved 1116160K
  class space    used 9428K, capacity 10085K, committed 10112K, reserved 1048576K
}
Event: 9.997 GC heap after
{Heap after GC invocations=22 (full 0):
 garbage-first heap   total 155648K, used 89142K [0x0000000080000000, 0x0000000100000000)
  region size 1024K, 5 young (5120K), 5 survivors (5120K)
 Metaspace       used 73917K, capacity 75826K, committed 75976K, reserved 1116160K
  class space    used 9428K, capacity 10085K, committed 10112K, reserved 1048576K
}
Event: 11.074 GC heap before
{Heap before GC invocations=22 (full 0):
 garbage-first heap   total 155648K, used 127030K [0x0000000080000000, 0x0000000100000000)
  region size 1024K, 42 young (43008K), 5 survivors (5120K)
 Metaspace       used 74465K, capacity 76552K, committed 76616K, reserved 1116160K
  class space    used 9487K, capacity 10198K, committed 10240K, reserved 1048576K
}
Event: 11.085 GC heap after
{Heap after GC invocations=23 (full 0):
 garbage-first heap   total 155648K, used 92205K [0x0000000080000000, 0x0000000100000000)
  region size 1024K, 5 young (5120K), 5 survivors (5120K)
 Metaspace       used 74465K, capacity 76552K, committed 76616K, reserved 1116160K
  class space    used 9487K, capacity 10198K, committed 10240K, reserved 1048576K
}
Event: 11.887 GC heap before
{Heap before GC invocations=24 (full 0):
 garbage-first heap   total 155648K, used 128045K [0x0000000080000000, 0x0000000100000000)
  region size 1024K, 40 young (40960K), 5 survivors (5120K)
 Metaspace       used 78776K, capacity 80868K, committed 80968K, reserved 1120256K
  class space    used 10216K, capacity 10951K, committed 11008K, reserved 1048576K
}
Event: 11.894 GC heap after
{Heap after GC invocations=25 (full 0):
 garbage-first heap   total 155648K, used 94525K [0x0000000080000000, 0x0000000100000000)
  region size 1024K, 3 young (3072K), 3 survivors (3072K)
 Metaspace       used 78776K, capacity 80868K, committed 80968K, reserved 1120256K
  class space    used 10216K, capacity 10951K, committed 11008K, reserved 1048576K
}
Event: 12.262 GC heap before
{Heap before GC invocations=25 (full 0):
 garbage-first heap   total 155648K, used 100669K [0x0000000080000000, 0x0000000100000000)
  region size 1024K, 10 young (10240K), 3 survivors (3072K)
 Metaspace       used 79332K, capacity 81465K, committed 81480K, reserved 1120256K
  class space    used 10283K, capacity 11000K, committed 11008K, reserved 1048576K
}
Event: 12.267 GC heap after
{Heap after GC invocations=26 (full 0):
 garbage-first heap   total 155648K, used 94827K [0x0000000080000000, 0x0000000100000000)
  region size 1024K, 3 young (3072K), 3 survivors (3072K)
 Metaspace       used 79332K, capacity 81465K, committed 81480K, reserved 1120256K
  class space    used 10283K, capacity 11000K, committed 11008K, reserved 1048576K
}

